<?xml version="1.0" encoding="UTF-8"?>
<!-- Generated by org.testng.reporters.JUnitXMLReporter -->
<testsuite ignored="4" hostname="DESKTOP-1QQ8407" failures="0" tests="1" name="Default test" time="0.035" errors="0" timestamp="2020-11-02T00:54:48 EST">
  <testcase classname="NewTest" name="tesst" time="0.004"/>
  <testcase classname="NewTest" name="test" time="0.0">
    <ignored/>
  </testcase> <!-- test -->
  <testcase classname="NewTest" name="tryCatchBlockTest" time="0.0">
    <ignored/>
  </testcase> <!-- tryCatchBlockTest -->
  <testcase classname="NewTest" name="helloWorldTest" time="0.0">
    <ignored/>
  </testcase> <!-- helloWorldTest -->
  <testcase classname="NewTest" name="newClassTest" time="0.0">
    <ignored/>
  </testcase> <!-- newClassTest -->
</testsuite> <!-- Default test -->
