<?xml version="1.0" encoding="UTF-8"?>
<testng-results ignored="4" total="5" passed="1" failed="0" skipped="0">
  <reporter-output>
  </reporter-output>
  <suite started-at="2020-11-02T00:54:48 EST" name="Default suite" finished-at="2020-11-02T00:54:48 EST" duration-ms="35">
    <groups>
    </groups>
    <test started-at="2020-11-02T00:54:48 EST" name="Default test" finished-at="2020-11-02T00:54:48 EST" duration-ms="35">
      <class name="NewTest">
        <test-method is-config="true" signature="beforeTest()[pri:0, instance:NewTest@43ee72e6]" started-at="2020-11-02T00:54:48 EST" name="beforeTest" finished-at="2020-11-02T00:54:48 EST" duration-ms="6" status="PASS">
          <reporter-output>
          </reporter-output>
        </test-method> <!-- beforeTest -->
        <test-method signature="tesst()[pri:0, instance:NewTest@43ee72e6]" started-at="2020-11-02T00:54:48 EST" name="tesst" finished-at="2020-11-02T00:54:48 EST" duration-ms="4" status="PASS">
          <reporter-output>
          </reporter-output>
        </test-method> <!-- tesst -->
        <test-method is-config="true" signature="afterTest()[pri:0, instance:NewTest@43ee72e6]" started-at="2020-11-02T00:54:48 EST" name="afterTest" finished-at="2020-11-02T00:54:48 EST" duration-ms="0" status="PASS">
          <reporter-output>
          </reporter-output>
        </test-method> <!-- afterTest -->
      </class> <!-- NewTest -->
    </test> <!-- Default test -->
  </suite> <!-- Default suite -->
</testng-results>
